INFO 2013-10-26 11:42:03,016 [TreeArchive:96] - [1/125572] Writing e:\test\clienteffect\holoemote_phonytail.cef
INFO 2013-10-26 11:42:03,020 [TreeArchive:96] - [2/125572] Writing e:\test\appearance\mesh\jacket_s35_f_l2.mgn
INFO 2013-10-26 11:42:03,020 [TreeArchive:96] - [3/125572] Writing e:\test\shader\ee3_scope_as9.sht
INFO 2013-10-26 11:42:03,021 [TreeArchive:96] - [4/125572] Writing e:\test\texture\blacksun_medium_engine_s02.dds
INFO 2013-10-26 11:42:03,021 [TreeArchive:96] - [5/125572] Writing e:\test\palette\npc_skin_dantari.pal
INFO 2013-10-26 11:42:03,021 [TreeArchive:96] - [6/125572] Writing e:\test\appearance\armor_mandalorian_belt_f.sat
INFO 2013-10-26 11:42:03,022 [TreeArchive:96] - [7/125572] Writing e:\test\appearance\sprite\flow_dorvavine_l3.spr
INFO 2013-10-26 11:42:03,023 [TreeArchive:96] - [8/125572] Writing e:\test\appearance\mesh\boots_s05_m_l3.mgn
INFO 2013-10-26 11:42:03,023 [TreeArchive:96] - [9/125572] Writing e:\test\object\static\particle\shared_particle_test_15.iff
INFO 2013-10-26 11:42:03,023 [TreeArchive:96] - [10/125572] Writing e:\test\texture\eqp_keypad_base.dds
INFO 2013-10-26 11:42:03,024 [TreeArchive:96] - [11/125572] Writing e:\test\object\tangible\food\crafted\shared_drink_jawa_beer.iff
INFO 2013-10-26 11:42:03,024 [TreeArchive:96] - [12/125572] Writing e:\test\shader\slave_quarter_lod_as8.sht
INFO 2013-10-26 11:42:03,024 [TreeArchive:96] - [13/125572] Writing e:\test\clienteffect\combat_melee_sm_blade_hit_flesh.cef
INFO 2013-10-26 11:42:03,025 [TreeArchive:96] - [14/125572] Writing e:\test\sample\cbt_gun_adv_flash_04.wav
INFO 2013-10-26 11:42:03,025 [TreeArchive:96] - [15/125572] Writing e:\test\clientdata\npc\client_shared_npc_dressed_aakuan_warder_zabrak_female_01.cdf
INFO 2013-10-26 11:42:03,025 [TreeArchive:96] - [16/125572] Writing e:\test\texture\decd_hollyleaves_spr_a2.dds
INFO 2013-10-26 11:42:03,028 [TreeArchive:96] - [17/125572] Writing e:\test\shader\armor_chitin_bicep.sht
INFO 2013-10-26 11:42:03,028 [TreeArchive:96] - [18/125572] Writing e:\test\appearance\thm_corl_imprv_arch_sm_s03.apt
INFO 2013-10-26 11:42:03,029 [TreeArchive:96] - [19/125572] Writing e:\test\object\draft_schematic\chemistry\shared_med_stimpack_range_c.iff
INFO 2013-10-26 11:42:03,029 [TreeArchive:96] - [20/125572] Writing e:\test\sound\cbt_hit_armor_star_destroyer.snd
INFO 2013-10-26 11:42:03,029 [TreeArchive:96] - [21/125572] Writing e:\test\texture\dodonna_head_n.dds
INFO 2013-10-26 11:42:03,030 [TreeArchive:96] - [22/125572] Writing e:\test\appearance\animation\goat_cbt_stand_combat_attack_special_2.ans
INFO 2013-10-26 11:42:03,030 [TreeArchive:96] - [23/125572] Writing e:\test\texture\stco_cream_detail_mask.dds
INFO 2013-10-26 11:42:03,030 [TreeArchive:96] - [24/125572] Writing e:\test\shader\tatt_tusken_metal_a8_as8.sht
INFO 2013-10-26 11:42:03,031 [TreeArchive:96] - [25/125572] Writing e:\test\texture\pob_station_conduit_01.dds
INFO 2013-10-26 11:42:03,031 [TreeArchive:96] - [26/125572] Writing e:\test\string\en\static_npc\corellia\shalera.stf
INFO 2013-10-26 11:42:03,031 [TreeArchive:96] - [27/125572] Writing e:\test\sound\veh_sandcrawler_decel.snd
INFO 2013-10-26 11:42:03,032 [TreeArchive:96] - [28/125572] Writing e:\test\appearance\lod\eqp_comp_chassis_deed.lod
INFO 2013-10-26 11:42:03,032 [TreeArchive:96] - [29/125572] Writing e:\test\texture\military_pike_main.dds
INFO 2013-10-26 11:42:03,033 [TreeArchive:96] - [30/125572] Writing e:\test\appearance\animation\all_b_cbt_sword_1h_standing_ready_combo_3_a.ans
INFO 2013-10-26 11:42:03,033 [TreeArchive:96] - [31/125572] Writing e:\test\texture\pak_thm_tato_imprv_building_s04_r1_foyer_mesh_l1.dds
INFO 2013-10-26 11:42:03,033 [TreeArchive:96] - [32/125572] Writing e:\test\appearance\mesh\poi_all_obelisk_s01_l3.msh
INFO 2013-10-26 11:42:03,034 [TreeArchive:96] - [33/125572] Writing e:\test\object\mobile\shared_dressed_ewok_m_06.iff
INFO 2013-10-26 11:42:03,034 [TreeArchive:96] - [34/125572] Writing e:\test\appearance\mesh\armor_chitin_s01_bracer_r_f_l0.mgn
INFO 2013-10-26 11:42:03,034 [TreeArchive:96] - [35/125572] Writing e:\test\appearance\neutral_station_destroyed.apt
INFO 2013-10-26 11:42:03,035 [TreeArchive:96] - [36/125572] Writing e:\test\appearance\animation\trn_m_face_yuck_face.ans
INFO 2013-10-26 11:42:03,036 [TreeArchive:96] - [37/125572] Writing e:\test\clientdata\npc\client_shared_npc_dressed_brawler_trainer_01.cdf
INFO 2013-10-26 11:42:03,036 [TreeArchive:96] - [38/125572] Writing e:\test\appearance\mesh\eqp_camping_pavilion_s2_l2.msh
INFO 2013-10-26 11:42:03,036 [TreeArchive:96] - [39/125572] Writing e:\test\shader\fambaa_b_as8.sht
INFO 2013-10-26 11:42:03,037 [TreeArchive:96] - [40/125572] Writing e:\test\object\building\player\city\shared_garden_corellia_sml_04.iff
INFO 2013-10-26 11:42:03,037 [TreeArchive:96] - [41/125572] Writing e:\test\shader\oola_as8.sht
INFO 2013-10-26 11:42:03,038 [TreeArchive:96] - [42/125572] Writing e:\test\appearance\animation\sword_1h_standing_ready_parry_mid_l_counter__0_051.ans
INFO 2013-10-26 11:42:03,038 [TreeArchive:96] - [43/125572] Writing e:\test\object\mobile\shared_dressed_crook_zabrak_female_01.iff
INFO 2013-10-26 11:42:03,039 [TreeArchive:96] - [44/125572] Writing e:\test\texture\sullustan.dds
INFO 2013-10-26 11:42:03,039 [TreeArchive:96] - [45/125572] Writing e:\test\texture\ith_pants_s10_s.dds
INFO 2013-10-26 11:42:03,040 [TreeArchive:96] - [46/125572] Writing e:\test\sample\moncal_cruiser_shield_impact_01.wav
INFO 2013-10-26 11:42:03,040 [TreeArchive:96] - [47/125572] Writing e:\test\appearance\collision\mun_nboo_hospital_s01_r8_lobbyb_collision_floor0.flr
INFO 2013-10-26 11:42:03,041 [TreeArchive:96] - [48/125572] Writing e:\test\pixel_program\h_color2_envmask_specmap_aniso_ps20_nodot3.psh
INFO 2013-10-26 11:42:03,041 [TreeArchive:96] - [49/125572] Writing e:\test\appearance\mesh\armor_swamp_trooper_belt_f_l0.mgn
INFO 2013-10-26 11:42:03,041 [TreeArchive:96] - [50/125572] Writing e:\test\appearance\mesh\goggles_s02_m.lmg
INFO 2013-10-26 11:42:03,042 [TreeArchive:96] - [51/125572] Writing e:\test\appearance\mesh\asteroid_obsidian_radial_s03_l3.msh
INFO 2013-10-26 11:42:03,042 [TreeArchive:96] - [52/125572] Writing e:\test\appearance\helmet_tusken_raider_s02_m.sat
INFO 2013-10-26 11:42:03,043 [TreeArchive:96] - [53/125572] Writing e:\test\appearance\animation\boss_nass_idl_sit_look_forward.ans
INFO 2013-10-26 11:42:03,043 [TreeArchive:96] - [54/125572] Writing e:\test\shader\decd_mosstreetilted_card_aaf12.sht
INFO 2013-10-26 11:42:03,044 [TreeArchive:96] - [55/125572] Writing e:\test\appearance\twk_m_hair_s08.sat
INFO 2013-10-26 11:42:03,044 [TreeArchive:96] - [56/125572] Writing e:\test\datatables\questtask\spacequest\escort\stn_endor_irs_imp_tier3_2a.iff
INFO 2013-10-26 11:42:03,045 [TreeArchive:96] - [57/125572] Writing e:\test\appearance\mesh\armor_ubese_jacket_f_l3.mgn
INFO 2013-10-26 11:42:03,045 [TreeArchive:96] - [58/125572] Writing e:\test\appearance\collision\thm_spc_corvette_dungeon_r5_hall5_collision_floor.flr
INFO 2013-10-26 11:42:03,045 [TreeArchive:96] - [59/125572] Writing e:\test\appearance\mesh\ply_nboo_house_door_s02_l1.msh
INFO 2013-10-26 11:42:03,046 [TreeArchive:96] - [60/125572] Writing e:\test\texture\stco_buff_detl_a.dds
INFO 2013-10-26 11:42:03,046 [TreeArchive:96] - [61/125572] Writing e:\test\texture\stco_filler_c_bump.dds
INFO 2013-10-26 11:42:03,047 [TreeArchive:96] - [62/125572] Writing e:\test\clientdata\index\client_shared_index_1_16.cdf
INFO 2013-10-26 11:42:03,047 [TreeArchive:96] - [63/125572] Writing e:\test\vertex_program\a_detail_bump_vs11_for_ps11.vsh
INFO 2013-10-26 11:42:03,048 [TreeArchive:96] - [64/125572] Writing e:\test\object\tangible\wearables\wookiee\shared_wke_lifeday_robe.iff
INFO 2013-10-26 11:42:03,048 [TreeArchive:96] - [65/125572] Writing e:\test\texture\belt_s07_spec.dds
INFO 2013-10-26 11:42:03,049 [TreeArchive:96] - [66/125572] Writing e:\test\appearance\animation\spider_idl_stand_look_left.ans
INFO 2013-10-26 11:42:03,049 [TreeArchive:96] - [67/125572] Writing e:\test\appearance\mesh\goggles_s05_bth_m_l0.mgn
INFO 2013-10-26 11:42:03,050 [TreeArchive:96] - [68/125572] Writing e:\test\texture\decd_hollyleaves_spr.dds
INFO 2013-10-26 11:42:03,050 [TreeArchive:96] - [69/125572] Writing e:\test\shader\fern_tallstalkblue_aa7.sht
INFO 2013-10-26 11:42:03,050 [TreeArchive:96] - [70/125572] Writing e:\test\texture\pak_mun_nboo_cloning_s01_r0_mesh_l2.dds
INFO 2013-10-26 11:42:03,051 [TreeArchive:96] - [71/125572] Writing e:\test\appearance\mesh\armor_scout_trooper_helmet_f_l0.mgn
INFO 2013-10-26 11:42:03,051 [TreeArchive:96] - [72/125572] Writing e:\test\sound\str_door_large_powered.snd
INFO 2013-10-26 11:42:03,051 [TreeArchive:96] - [73/125572] Writing e:\test\string\ja\spacequest\assassinate\naboo_rebel_tier4_1_a.stf
INFO 2013-10-26 11:42:03,052 [TreeArchive:96] - [74/125572] Writing e:\test\texture\rod_f_hair_ponytail_hue.dds
INFO 2013-10-26 11:42:03,052 [TreeArchive:96] - [75/125572] Writing e:\test\shader\corellia_marble_c_unlined_fallback_as8.sht
INFO 2013-10-26 11:42:03,052 [TreeArchive:96] - [76/125572] Writing e:\test\appearance\mesh\goggles_s02_mon_f_l2.mgn
INFO 2013-10-26 11:42:03,053 [TreeArchive:96] - [77/125572] Writing e:\test\appearance\mesh\thm_tato_assoc_hall_civ_s02_r9_stair3_mesh_r9.msh
INFO 2013-10-26 11:42:03,053 [TreeArchive:96] - [78/125572] Writing e:\test\appearance\mesh\rod_f_body.lmg
INFO 2013-10-26 11:42:03,054 [TreeArchive:96] - [79/125572] Writing e:\test\string\ja\static_npc\tatooine\kaeline_ungasan.stf
INFO 2013-10-26 11:42:03,054 [TreeArchive:96] - [80/125572] Writing e:\test\texture\rock_agrlt_bowl_crystl.dds
INFO 2013-10-26 11:42:03,054 [TreeArchive:96] - [81/125572] Writing e:\test\string\en\ui_imagedesigner.stf
INFO 2013-10-26 11:42:03,054 [TreeArchive:96] - [82/125572] Writing e:\test\object\creature\npc\base\shared_weequay_base_male.iff
INFO 2013-10-26 11:42:03,055 [TreeArchive:96] - [83/125572] Writing e:\test\appearance\mesh\vest_s11_f_l1.mgn
INFO 2013-10-26 11:42:03,055 [TreeArchive:96] - [84/125572] Writing e:\test\appearance\mesh\geonosian_skirt_s02_l0.mgn
INFO 2013-10-26 11:42:03,056 [TreeArchive:96] - [85/125572] Writing e:\test\appearance\mesh\armor_tantel_skreej_chest_plate_m_l2.mgn
INFO 2013-10-26 11:42:03,056 [TreeArchive:96] - [86/125572] Writing e:\test\appearance\thm_tato_imprv_building_s11.apt
INFO 2013-10-26 11:42:03,056 [TreeArchive:96] - [87/125572] Writing e:\test\appearance\necklace_s05_m.sat
INFO 2013-10-26 11:42:03,057 [TreeArchive:96] - [88/125572] Writing e:\test\string\ja\static_npc\tatooine\phinea_shantee.stf
INFO 2013-10-26 11:42:03,057 [TreeArchive:96] - [89/125572] Writing e:\test\appearance\animation\droid_2_std_manipulate_high.ans
INFO 2013-10-26 11:42:03,057 [TreeArchive:96] - [90/125572] Writing e:\test\texture\env_talus_dearic_night.dds
INFO 2013-10-26 11:42:03,058 [TreeArchive:96] - [91/125572] Writing e:\test\object\tangible\lair\fynock\shared_lair_fynock_forest.iff
INFO 2013-10-26 11:42:03,058 [TreeArchive:96] - [92/125572] Writing e:\test\appearance\mesh\mun_corl_capitol_s01_r11_meeting6_mesh_meeting6.msh
INFO 2013-10-26 11:42:03,058 [TreeArchive:96] - [93/125572] Writing e:\test\appearance\animation\bird_turkey_nuna_idl_stand_fidget.ans
INFO 2013-10-26 11:42:03,059 [TreeArchive:96] - [94/125572] Writing e:\test\clientdata\ship\component\eng_xwing_pos_s02.cdf
INFO 2013-10-26 11:42:03,059 [TreeArchive:96] - [95/125572] Writing e:\test\object\static\particle\shared_pt_flocking_centipede.iff
INFO 2013-10-26 11:42:03,060 [TreeArchive:96] - [96/125572] Writing e:\test\texture\ui_rebel_radial_lr.dds
INFO 2013-10-26 11:42:03,060 [TreeArchive:96] - [97/125572] Writing e:\test\object\mobile\shared_dressed_smuggler_trainer_01.iff
INFO 2013-10-26 11:42:03,061 [TreeArchive:96] - [98/125572] Writing e:\test\texture\frst_endr_needles_a2_n.dds
INFO 2013-10-26 11:42:03,061 [TreeArchive:96] - [99/125572] Writing e:\test\appearance\mesh\nikto_m.lmg
INFO 2013-10-26 11:42:03,061 [TreeArchive:96] - [100/125572] Writing e:\test\sample\shp_hyperspace_out_2d_02.wav
INFO 2013-10-26 11:42:03,062 [TreeArchive:96] - [101/125572] Writing e:\test\object\tangible\deed\city_deed\shared_garden_naboo_lrg_05_deed.iff
INFO 2013-10-26 11:42:03,062 [TreeArchive:96] - [102/125572] Writing e:\test\clientdata\npc\client_shared_npc_dressed_tatooine_squatter.cdf
INFO 2013-10-26 11:42:03,062 [TreeArchive:96] - [103/125572] Writing e:\test\object\soundobject\shared_soundobject_waterfall_indoors.iff
INFO 2013-10-26 11:42:03,063 [TreeArchive:96] - [104/125572] Writing e:\test\appearance\lod\lambda_shuttle_body.lod
INFO 2013-10-26 11:42:03,063 [TreeArchive:96] - [105/125572] Writing e:\test\appearance\collision\ply_corl_shuttleport_s01_collision_floor.flr
INFO 2013-10-26 11:42:03,063 [TreeArchive:96] - [106/125572] Writing e:\test\appearance\animation\all_b_dnc_musician_ommni_box_sp_8.ans
INFO 2013-10-26 11:42:03,064 [TreeArchive:96] - [107/125572] Writing e:\test\texture\grss_mtns_green_a2.dds
INFO 2013-10-26 11:42:03,064 [TreeArchive:96] - [108/125572] Writing e:\test\string\en\conversation\qtqc_phase_2.stf
INFO 2013-10-26 11:42:03,064 [TreeArchive:96] - [109/125572] Writing e:\test\appearance\mesh\poi_all_lair_garbage_small_l2.msh
INFO 2013-10-26 11:42:03,065 [TreeArchive:96] - [110/125572] Writing e:\test\appearance\collision\mun_all_garage_s01_u01_collision_floor0.flr
INFO 2013-10-26 11:42:03,065 [TreeArchive:96] - [111/125572] Writing e:\test\appearance\mesh\thm_all_cave_s03_mirror_r10_r10.msh
INFO 2013-10-26 11:42:03,066 [TreeArchive:96] - [112/125572] Writing e:\test\texture\sing_mt_clan_shirt_s03_bracelets_n.dds
INFO 2013-10-26 11:42:03,066 [TreeArchive:96] - [113/125572] Writing e:\test\object\static\vehicle\shared_static_sandcrawler.iff
INFO 2013-10-26 11:42:03,066 [TreeArchive:96] - [114/125572] Writing e:\test\object\mobile\shared_space_comm_station_tatooine.iff
INFO 2013-10-26 11:42:03,067 [TreeArchive:96] - [115/125572] Writing e:\test\texture\dug.dds
INFO 2013-10-26 11:42:03,067 [TreeArchive:96] - [116/125572] Writing e:\test\appearance\mesh\ith_belt_s07_m_l0.mgn
INFO 2013-10-26 11:42:03,067 [TreeArchive:96] - [117/125572] Writing e:\test\shader\grss_long_gold_a1.sht
INFO 2013-10-26 11:42:03,067 [TreeArchive:96] - [118/125572] Writing e:\test\texture\blacksun_medium_body_s01_pattern05_a.dds
INFO 2013-10-26 11:42:03,068 [TreeArchive:96] - [119/125572] Writing e:\test\appearance\mesh\armor_kashyyykian_hunting_bracer_r_wke_m_l2.mgn
INFO 2013-10-26 11:42:03,068 [TreeArchive:96] - [120/125572] Writing e:\test\shader\rock_agrlt_crystl_watrbush_sm_spr_aaf12.sht
INFO 2013-10-26 11:42:03,069 [TreeArchive:96] - [121/125572] Writing e:\test\appearance\mesh\helmet_fighter_hutt_mon_m_l0.mgn
INFO 2013-10-26 11:42:03,069 [TreeArchive:96] - [122/125572] Writing e:\test\appearance\mesh\thm_all_cave_s01_damprock_mirror_r3_mesh_r3.msh
INFO 2013-10-26 11:42:03,069 [TreeArchive:96] - [123/125572] Writing e:\test\appearance\mesh\shirt_s24_f_l1.mgn
INFO 2013-10-26 11:42:03,070 [TreeArchive:96] - [124/125572] Writing e:\test\appearance\mesh\ephant_mon_l1.mgn
INFO 2013-10-26 11:42:03,070 [TreeArchive:96] - [125/125572] Writing e:\test\shader\av21_exterior_b_hcsb21.sht
INFO 2013-10-26 11:42:03,070 [TreeArchive:96] - [126/125572] Writing e:\test\sound\item_webber_trap.snd
INFO 2013-10-26 11:42:03,071 [TreeArchive:96] - [127/125572] Writing e:\test\object\tangible\ship\components\shield_generator\shared_shd_incom_rayshield_x12.iff
INFO 2013-10-26 11:42:03,071 [TreeArchive:96] - [128/125572] Writing e:\test\voice\sound\voice_pl_rod_m_dmg_lgt.snd
INFO 2013-10-26 11:42:03,071 [TreeArchive:96] - [129/125572] Writing e:\test\shader\dress_s18_top_hcsb21_sm.sht
INFO 2013-10-26 11:42:03,071 [TreeArchive:96] - [130/125572] Writing e:\test\shader\rock_tato_floor_tile_dk_a1.sht
INFO 2013-10-26 11:42:03,072 [TreeArchive:96] - [131/125572] Writing e:\test\appearance\mesh\edb_con_tato_jar_spice_s03_l1.msh
INFO 2013-10-26 11:42:03,072 [TreeArchive:96] - [132/125572] Writing e:\test\shader\pak_mun_all_military_base_police_station_impl_s01_r0_mesh_l0_c3_l2_c3_as8.sht
INFO 2013-10-26 11:42:03,072 [TreeArchive:96] - [133/125572] Writing e:\test\appearance\animation\protocol_droid_cbt_rifle_kneeling_fire_3_front.ans
INFO 2013-10-26 11:42:03,073 [TreeArchive:96] - [134/125572] Writing e:\test\appearance\mesh\chadra_fan_m_l2.mgn
INFO 2013-10-26 11:42:03,073 [TreeArchive:96] - [135/125572] Writing e:\test\object\mobile\shared_dressed_lost_aqualish_captain_female_01.iff
INFO 2013-10-26 11:42:03,073 [TreeArchive:96] - [136/125572] Writing e:\test\appearance\lod\wp_rifle_t21_stock.lod
INFO 2013-10-26 11:42:03,074 [TreeArchive:96] - [137/125572] Writing e:\test\appearance\mesh\perlek_l1.mgn
INFO 2013-10-26 11:42:03,074 [TreeArchive:96] - [138/125572] Writing e:\test\appearance\mesh\thm_tato_house_m_s01_fp1_r10_kitchen1_mesh_r10.msh
INFO 2013-10-26 11:42:03,074 [TreeArchive:96] - [139/125572] Writing e:\test\appearance\mesh\spacestation_outpost_tradefed_l4.msh
INFO 2013-10-26 11:42:03,075 [TreeArchive:96] - [140/125572] Writing e:\test\clientdata\poi\shared_corellia_meatlump_small2.cdf
INFO 2013-10-26 11:42:03,075 [TreeArchive:96] - [141/125572] Writing e:\test\texture\gungan_brick03.dds
INFO 2013-10-26 11:42:03,075 [TreeArchive:96] - [142/125572] Writing e:\test\appearance\mesh\con_man_electronics_sm_l0.msh
INFO 2013-10-26 11:42:03,076 [TreeArchive:96] - [143/125572] Writing e:\test\appearance\mesh\mtns_shrb_yellowleaf1_l2.msh
INFO 2013-10-26 11:42:03,076 [TreeArchive:96] - [144/125572] Writing e:\test\clientdata\creature\client_shared_cr_kimogila_hatchling.cdf
INFO 2013-10-26 11:42:03,076 [TreeArchive:96] - [145/125572] Writing e:\test\texture\pak_mun_all_military_base_police_station_impl_s01_r0_mesh_l0_c2_l2_c2.dds
INFO 2013-10-26 11:42:03,076 [TreeArchive:96] - [146/125572] Writing e:\test\shader\newbie_light_b_ce9.sht
INFO 2013-10-26 11:42:03,077 [TreeArchive:96] - [147/125572] Writing e:\test\clientdata\npc\client_shared_npc_dressed_mon_mothma.cdf
INFO 2013-10-26 11:42:03,078 [TreeArchive:96] - [148/125572] Writing e:\test\string\ja\spacequest\rescue\tatooine_privateer_tier4_2c.stf
INFO 2013-10-26 11:42:03,079 [TreeArchive:96] - [149/125572] Writing e:\test\appearance\animation\all_m_dnc_m_african_sp_4.ans
INFO 2013-10-26 11:42:03,079 [TreeArchive:96] - [150/125572] Writing e:\test\texture\z95_weapon_s01.dds
INFO 2013-10-26 11:42:03,079 [TreeArchive:96] - [151/125572] Writing e:\test\appearance\mesh\thm_tato_block_bldg_64x16_s02_r0_exterior_mesh_l1.msh
INFO 2013-10-26 11:42:03,079 [TreeArchive:96] - [152/125572] Writing e:\test\clienteffect\cbt_hit_shield_slug_thrower_slug.cef
INFO 2013-10-26 11:42:03,080 [TreeArchive:96] - [153/125572] Writing e:\test\appearance\animation\droid_2_cbt_attack_add.ans
INFO 2013-10-26 11:42:03,080 [TreeArchive:96] - [154/125572] Writing e:\test\clientdata\creature\client_shared_cr_male_snorbal_calf.cdf
INFO 2013-10-26 11:42:03,081 [TreeArchive:96] - [155/125572] Writing e:\test\texture\armor_marauder_leggings_s02_hue_sm.dds
INFO 2013-10-26 11:42:03,081 [TreeArchive:96] - [156/125572] Writing e:\test\sound\item_static_lp.snd
INFO 2013-10-26 11:42:03,081 [TreeArchive:96] - [157/125572] Writing e:\test\clientdata\ship\component\imperial_gunboat_turretbase_nose.cdf
INFO 2013-10-26 11:42:03,082 [TreeArchive:96] - [158/125572] Writing e:\test\texture\ith_skirt_s02.dds
INFO 2013-10-26 11:42:03,082 [TreeArchive:96] - [159/125572] Writing e:\test\texture\proton_rifle_main_sm.dds
INFO 2013-10-26 11:42:03,083 [TreeArchive:96] - [160/125572] Writing e:\test\appearance\mesh\armor_ubese_bracer_r_m_l3.mgn
INFO 2013-10-26 11:42:03,083 [TreeArchive:96] - [161/125572] Writing e:\test\appearance\lod\thm_nboo_thed_theed_palace_c22.lod
INFO 2013-10-26 11:42:03,083 [TreeArchive:96] - [162/125572] Writing e:\test\appearance\animation\all_b_dnc_break_pos1_novice_loop.ans
INFO 2013-10-26 11:42:03,084 [TreeArchive:96] - [163/125572] Writing e:\test\appearance\mesh\pt_geonosian_bolt_l1.msh
INFO 2013-10-26 11:42:03,084 [TreeArchive:96] - [164/125572] Writing e:\test\texture\fabric_canvas_scummy_a.dds
INFO 2013-10-26 11:42:03,085 [TreeArchive:96] - [165/125572] Writing e:\test\object\tangible\wearables\shoes\shared_shoes_s03.iff
INFO 2013-10-26 11:42:03,085 [TreeArchive:96] - [166/125572] Writing e:\test\sample\cr_mynock_vocalize.wav
INFO 2013-10-26 11:42:03,085 [TreeArchive:96] - [167/125572] Writing e:\test\shader\dirt_mudcrack_a1.sht
INFO 2013-10-26 11:42:03,086 [TreeArchive:96] - [168/125572] Writing e:\test\pixel_program\a_alpha_emismap.psh
INFO 2013-10-26 11:42:03,086 [TreeArchive:96] - [169/125572] Writing e:\test\datatables\questlist\spacequest\survival\corellia_privateer_tier3_2_a.iff
INFO 2013-10-26 11:42:03,086 [TreeArchive:96] - [170/125572] Writing e:\test\texture\blacksun_light_wing_s02_pattern04_b_sm.dds
INFO 2013-10-26 11:42:03,087 [TreeArchive:96] - [171/125572] Writing e:\test\texture\hutt_fighter_light_engine_s02_pattern01_b_sm.dds
INFO 2013-10-26 11:42:03,087 [TreeArchive:96] - [172/125572] Writing e:\test\clienteffect\survey_effect.cef
INFO 2013-10-26 11:42:03,087 [TreeArchive:96] - [173/125572] Writing e:\test\shader\ever_bark_tan_cs8.sht
INFO 2013-10-26 11:42:03,087 [TreeArchive:96] - [174/125572] Writing e:\test\appearance\mesh\thm_all_cave_flatland_s01_r0_mesh_l0.msh
INFO 2013-10-26 11:42:03,088 [TreeArchive:96] - [175/125572] Writing e:\test\texture\armor_padded_bracer.dds
INFO 2013-10-26 11:42:03,088 [TreeArchive:96] - [176/125572] Writing e:\test\shader\impl_int_wall_b_vents_cd8.sht
INFO 2013-10-26 11:42:03,088 [TreeArchive:96] - [177/125572] Writing e:\test\sample\cr_angler_attack_hvy.wav
INFO 2013-10-26 11:42:03,089 [TreeArchive:96] - [178/125572] Writing e:\test\shader\edb_con_ration_kit_lg.sht
INFO 2013-10-26 11:42:03,089 [TreeArchive:96] - [179/125572] Writing e:\test\object\building\poi\shared_tatooine_moisture_farmer_medium2.iff
INFO 2013-10-26 11:42:03,089 [TreeArchive:96] - [180/125572] Writing e:\test\appearance\poi_powerdroid_powerdown.apt
INFO 2013-10-26 11:42:03,090 [TreeArchive:96] - [181/125572] Writing e:\test\appearance\mesh\thm_prp_document_s01.msh
INFO 2013-10-26 11:42:03,090 [TreeArchive:96] - [182/125572] Writing e:\test\clientdata\poi\shared_tatooine_slaver_medium2.cdf
INFO 2013-10-26 11:42:03,090 [TreeArchive:96] - [183/125572] Writing e:\test\appearance\mesh\hutt_fighter_medium_body_s01_l3.msh
INFO 2013-10-26 11:42:03,091 [TreeArchive:96] - [184/125572] Writing e:\test\texture\gloves_s10_n.dds
INFO 2013-10-26 11:42:03,091 [TreeArchive:96] - [185/125572] Writing e:\test\appearance\animation\drall_cbt_pistol_standing_fire_3_front.ans
INFO 2013-10-26 11:42:03,092 [TreeArchive:96] - [186/125572] Writing e:\test\appearance\pants_s30_m.sat
INFO 2013-10-26 11:42:03,092 [TreeArchive:96] - [187/125572] Writing e:\test\texture\thed_column_2tone_n.dds
INFO 2013-10-26 11:42:03,092 [TreeArchive:96] - [188/125572] Writing e:\test\sound\amb_neb_heavy_strike_03.snd
INFO 2013-10-26 11:42:03,093 [TreeArchive:96] - [189/125572] Writing e:\test\datatables\questtask\spacequest\inspect\naboo_imperial_tier3_4_b.iff
INFO 2013-10-26 11:42:03,093 [TreeArchive:96] - [190/125572] Writing e:\test\appearance\mesh\ply_tato_house_m_s01_fp1_r2_foyer_mesh_r2.msh
INFO 2013-10-26 11:42:03,093 [TreeArchive:96] - [191/125572] Writing e:\test\appearance\mesh\marine_kneepads.mgn
INFO 2013-10-26 11:42:03,094 [TreeArchive:96] - [192/125572] Writing e:\test\string\ja\pet_deed.stf
INFO 2013-10-26 11:42:03,094 [TreeArchive:96] - [193/125572] Writing e:\test\appearance\animation\droid_2_cbt_pistol_standing_ready_idle.ans
INFO 2013-10-26 11:42:03,095 [TreeArchive:96] - [194/125572] Writing e:\test\clientdata\npc\client_shared_npc_dressed_droidengineer_rodian_male_01.cdf
INFO 2013-10-26 11:42:03,095 [TreeArchive:96] - [195/125572] Writing e:\test\appearance\hutt_fighter_medium_engine_s01_on.apt
INFO 2013-10-26 11:42:03,096 [TreeArchive:96] - [196/125572] Writing e:\test\shader\tato_stuccob_as8.sht
INFO 2013-10-26 11:42:03,096 [TreeArchive:96] - [197/125572] Writing e:\test\clientdata\poi\shared_tatooine_hutt_assassin_camp_small2.cdf
INFO 2013-10-26 11:42:03,096 [TreeArchive:96] - [198/125572] Writing e:\test\appearance\lod\mun_impl_military_base_police_station_s01_r0_mesh_l0_c2.lod
INFO 2013-10-26 11:42:03,097 [TreeArchive:96] - [199/125572] Writing e:\test\appearance\animation\bird_turkey_nuna_idl_swim_tread_water.ans
INFO 2013-10-26 11:42:03,097 [TreeArchive:96] - [200/125572] Writing e:\test\texture\jabba_bellytail.dds
INFO 2013-10-26 11:42:03,097 [TreeArchive:96] - [201/125572] Writing e:\test\terrain\yavin_colorramp_jungledk.tga
INFO 2013-10-26 11:42:03,098 [TreeArchive:96] - [202/125572] Writing e:\test\clientdata\npc\client_shared_npc_dressed_commoner_tatooine_bith_f_01.cdf
INFO 2013-10-26 11:42:03,098 [TreeArchive:96] - [203/125572] Writing e:\test\player_music\sound\song04_drum_flourish01.snd
INFO 2013-10-26 11:42:03,099 [TreeArchive:96] - [204/125572] Writing e:\test\texture\thm_tatt_mtl_pipe_black.dds
INFO 2013-10-26 11:42:03,099 [TreeArchive:96] - [205/125572] Writing e:\test\appearance\mesh\wp_mle_sword_lightsaber_obi_l2.msh
INFO 2013-10-26 11:42:03,099 [TreeArchive:96] - [206/125572] Writing e:\test\texture\eqp_bottle_s03.dds
INFO 2013-10-26 11:42:03,100 [TreeArchive:96] - [207/125572] Writing e:\test\texture\despot_ext_tech_detail.dds
INFO 2013-10-26 11:42:03,100 [TreeArchive:96] - [208/125572] Writing e:\test\appearance\mesh\bodysuit_atat_m_l3.mgn
INFO 2013-10-26 11:42:03,100 [TreeArchive:96] - [209/125572] Writing e:\test\shader\pants_s31_hc8_sm.sht
INFO 2013-10-26 11:42:03,101 [TreeArchive:96] - [210/125572] Writing e:\test\object\weapon\melee\polearm\shared_lance_nightsister.iff
INFO 2013-10-26 11:42:03,101 [TreeArchive:96] - [211/125572] Writing e:\test\shader\armor_tantel_skreej_helmet_sm_hcs16.sht
INFO 2013-10-26 11:42:03,101 [TreeArchive:96] - [212/125572] Writing e:\test\terrain\dath_colorramp_forestedmountains.tga
INFO 2013-10-26 11:42:03,102 [TreeArchive:96] - [213/125572] Writing e:\test\object\static\item\shared_wp_mle_knife_dagger.iff
INFO 2013-10-26 11:42:03,102 [TreeArchive:96] - [214/125572] Writing e:\test\object\tangible\hair\human\shared_hair_human_male_s39.iff
INFO 2013-10-26 11:42:03,102 [TreeArchive:96] - [215/125572] Writing e:\test\clientdata\creature\client_shared_cr_voritor_dasher.cdf
INFO 2013-10-26 11:42:03,103 [TreeArchive:96] - [216/125572] Writing e:\test\appearance\mesh\bth_f_hair_s07_l0.mgn
INFO 2013-10-26 11:42:03,103 [TreeArchive:96] - [217/125572] Writing e:\test\texture\ocea_coral_shallow.dds
INFO 2013-10-26 11:42:03,103 [TreeArchive:96] - [218/125572] Writing e:\test\clientdata\poi\shared_corellia_corellia_times_investigator_large1.cdf
INFO 2013-10-26 11:42:03,104 [TreeArchive:96] - [219/125572] Writing e:\test\object\draft_schematic\clothing\shared_clothing_pants_casual_05.iff
INFO 2013-10-26 11:42:03,104 [TreeArchive:96] - [220/125572] Writing e:\test\shader\hum_m_hair_receed_he9.sht
INFO 2013-10-26 11:42:03,105 [TreeArchive:96] - [221/125572] Writing e:\test\string\en\character_transfer.stf
INFO 2013-10-26 11:42:03,105 [TreeArchive:96] - [222/125572] Writing e:\test\appearance\mesh\thm_all_assoc_hall_civ_s01_r13_meeting5_mesh_r13.msh
INFO 2013-10-26 11:42:03,105 [TreeArchive:96] - [223/125572] Writing e:\test\texture\armor_stormtrooper_s1_thigh_r_spec.dds
INFO 2013-10-26 11:42:03,106 [TreeArchive:96] - [224/125572] Writing e:\test\string\en\conversation\corvette_bledsoe_imperial_rescue_target.stf
INFO 2013-10-26 11:42:03,106 [TreeArchive:96] - [225/125572] Writing e:\test\appearance\mesh\robe_jedi_dark_s04_wke_f.lmg
INFO 2013-10-26 11:42:03,106 [TreeArchive:96] - [226/125572] Writing e:\test\object\mobile\shared_super_battle_droid.iff
INFO 2013-10-26 11:42:03,107 [TreeArchive:96] - [227/125572] Writing e:\test\appearance\mesh\gurreck_hue.lmg
INFO 2013-10-26 11:42:03,107 [TreeArchive:96] - [228/125572] Writing e:\test\sound\amb_neb_desert_sands_lp.snd
INFO 2013-10-26 11:42:03,107 [TreeArchive:96] - [229/125572] Writing e:\test\appearance\mesh\plumed_rasp_hue_l2.mgn
INFO 2013-10-26 11:42:03,108 [TreeArchive:96] - [230/125572] Writing e:\test\texture\loading\generic\generic_keymap.dds
INFO 2013-10-26 11:42:03,109 [TreeArchive:96] - [231/125572] Writing e:\test\appearance\malakili.sat
INFO 2013-10-26 11:42:03,109 [TreeArchive:96] - [232/125572] Writing e:\test\object\tangible\lair\crystal_snake\shared_lair_crystal_snake.iff
INFO 2013-10-26 11:42:03,109 [TreeArchive:96] - [233/125572] Writing e:\test\shader\ith_pants_s10_sm.sht
INFO 2013-10-26 11:42:03,110 [TreeArchive:96] - [234/125572] Writing e:\test\object\tangible\space\story_loot\shared_loot_dantooine_junk2.iff
INFO 2013-10-26 11:42:03,110 [TreeArchive:96] - [235/125572] Writing e:\test\texture\sand_pebble_surf_a2.dds
INFO 2013-10-26 11:42:03,111 [TreeArchive:96] - [236/125572] Writing e:\test\object\tangible\ship\crafted\booster\shared_booster_overdriver_mk1.iff
INFO 2013-10-26 11:42:03,111 [TreeArchive:96] - [237/125572] Writing e:\test\appearance\mesh\ply_nboo_house_lg_s01_fp1_r0_mesh_r0_l3.msh
INFO 2013-10-26 11:42:03,111 [TreeArchive:96] - [238/125572] Writing e:\test\datatables\questtask\spacequest\assassinate\dath_bh_wanted_list_02.iff
INFO 2013-10-26 11:42:03,112 [TreeArchive:96] - [239/125572] Writing e:\test\appearance\mesh\pants_s21_f_l1.mgn
INFO 2013-10-26 11:42:03,112 [TreeArchive:96] - [240/125572] Writing e:\test\string\en\static_npc\rori\rori_narmle_zeelius_kraymunder.stf
INFO 2013-10-26 11:42:03,112 [TreeArchive:96] - [241/125572] Writing e:\test\appearance\animation\bird_turkey_nuna_rea_stand_combat_get_hit_medium.ans
INFO 2013-10-26 11:42:03,115 [TreeArchive:96] - [242/125572] Writing e:\test\texture\pak_thm_dant_jedi_temple_altar_l3.dds
INFO 2013-10-26 11:42:03,115 [TreeArchive:96] - [243/125572] Writing e:\test\appearance\mesh\ply_nboo_house_m_s02_fp1_l1.msh
INFO 2013-10-26 11:42:03,115 [TreeArchive:96] - [244/125572] Writing e:\test\string\ja\conversation\corellia_privateer_tier4.stf
INFO 2013-10-26 11:42:03,116 [TreeArchive:96] - [245/125572] Writing e:\test\appearance\mesh\helmet_fighter_rebel_ace_bth_m_l1.mgn
INFO 2013-10-26 11:42:03,116 [TreeArchive:96] - [246/125572] Writing e:\test\object\tangible\medicine\crafted\shared_medpack_disease_area_constitution_a.iff
INFO 2013-10-26 11:42:03,116 [TreeArchive:96] - [247/125572] Writing e:\test\appearance\mesh\eqp_fishing_pole_l1.msh
INFO 2013-10-26 11:42:03,117 [TreeArchive:96] - [248/125572] Writing e:\test\appearance\mesh\mun_tato_capitol_s01_r0_mesh_l0_c0_l3_c0.msh
INFO 2013-10-26 11:42:03,117 [TreeArchive:96] - [249/125572] Writing e:\test\appearance\collision\thm_tato_cave_s02_r14_collision_floor.flr
INFO 2013-10-26 11:42:03,117 [TreeArchive:96] - [250/125572] Writing e:\test\appearance\lod\mun_tato_shuttleport_s01_r0_mesh.lod
INFO 2013-10-26 11:42:03,118 [TreeArchive:96] - [251/125572] Writing e:\test\appearance\rock_agrlt_bowl_single.apt
INFO 2013-10-26 11:42:03,118 [TreeArchive:96] - [252/125572] Writing e:\test\sample\amb_dantooine_mining_outpost_lp.wav
INFO 2013-10-26 11:42:03,118 [TreeArchive:96] - [253/125572] Writing e:\test\texture\ship_component_armor_s02_cn.dds
INFO 2013-10-26 11:42:03,119 [TreeArchive:96] - [254/125572] Writing e:\test\shader\stco_brown_as8_lambert.sht
INFO 2013-10-26 11:42:03,119 [TreeArchive:96] - [255/125572] Writing e:\test\appearance\mesh\asteroid_moltenrock_radial_s01_l0.msh
INFO 2013-10-26 11:42:03,119 [TreeArchive:96] - [256/125572] Writing e:\test\object\static\creature\shared_droids_imperial_it0.iff
INFO 2013-10-26 11:42:03,120 [TreeArchive:96] - [257/125572] Writing e:\test\sample\amb_talus_nashal_starport_os.wav
INFO 2013-10-26 11:42:03,120 [TreeArchive:96] - [258/125572] Writing e:\test\string\ja\mission\mission_npc_escort_imperial_easy.stf
INFO 2013-10-26 11:42:03,120 [TreeArchive:96] - [259/125572] Writing e:\test\texture\loading\lok\npcs\lok_droideka.dds
INFO 2013-10-26 11:42:03,121 [TreeArchive:96] - [260/125572] Writing e:\test\object\tangible\vendor\shared_vendor_terminal_basic.iff
INFO 2013-10-26 11:42:03,121 [TreeArchive:96] - [261/125572] Writing e:\test\object\static\particle\shared_pt_falling_dust.iff
INFO 2013-10-26 11:42:03,121 [TreeArchive:96] - [262/125572] Writing e:\test\texture\thed_concrete.dds
INFO 2013-10-26 11:42:03,121 [TreeArchive:96] - [263/125572] Writing e:\test\appearance\pt_bezerk_player.prt
INFO 2013-10-26 11:42:03,122 [TreeArchive:96] - [264/125572] Writing e:\test\texture\ui_cursor_zonemap_select.dds
INFO 2013-10-26 11:42:03,122 [TreeArchive:96] - [265/125572] Writing e:\test\appearance\animation\geonosian_cbt_pistol_kneeling_ready_idle_front_right.ans
INFO 2013-10-26 11:42:03,122 [TreeArchive:96] - [266/125572] Writing e:\test\appearance\mesh\armor_bounty_hunter_bracer_r_f_l2.mgn
INFO 2013-10-26 11:42:03,122 [TreeArchive:96] - [267/125572] Writing e:\test\texture\bodysuit_s15_bottom.dds
INFO 2013-10-26 11:42:03,123 [TreeArchive:96] - [268/125572] Writing e:\test\shader\corsec_outpost_1_asc14.sht
INFO 2013-10-26 11:42:03,123 [TreeArchive:96] - [269/125572] Writing e:\test\texture\edb_food_fruit_s3_sm.dds
INFO 2013-10-26 11:42:03,123 [TreeArchive:96] - [270/125572] Writing e:\test\appearance\mesh\thm_tato_imprv_building_s01_r1_foyer_mesh_l0.msh
INFO 2013-10-26 11:42:03,123 [TreeArchive:96] - [271/125572] Writing e:\test\texture\trn_m_lid.dds
INFO 2013-10-26 11:42:03,124 [TreeArchive:96] - [272/125572] Writing e:\test\string\ja\space_item_n.stf
INFO 2013-10-26 11:42:03,124 [TreeArchive:96] - [273/125572] Writing e:\test\shader\pt_force_speed_spikes.sht
INFO 2013-10-26 11:42:03,124 [TreeArchive:96] - [274/125572] Writing e:\test\appearance\animation\geonosian_loc_crawl.ans
INFO 2013-10-26 11:42:03,124 [TreeArchive:96] - [275/125572] Writing e:\test\texture\frn_all_decorative_lg_s2.dds
INFO 2013-10-26 11:42:03,125 [TreeArchive:96] - [276/125572] Writing e:\test\texture\dath_nightsister_boundwood_n.dds
INFO 2013-10-26 11:42:03,125 [TreeArchive:96] - [277/125572] Writing e:\test\object\tangible\ship\attachment\engine\shared_blacksun_heavy_engine_s01.iff
INFO 2013-10-26 11:42:03,125 [TreeArchive:96] - [278/125572] Writing e:\test\appearance\mesh\ith_belt_s12_m_l2.mgn
INFO 2013-10-26 11:42:03,125 [TreeArchive:96] - [279/125572] Writing e:\test\shader\bandolier_s03_sm_hs8.sht
INFO 2013-10-26 11:42:03,126 [TreeArchive:96] - [280/125572] Writing e:\test\appearance\animation\protocol_droid_cbt_rifle_kneeling_ready_idle_right.ans
INFO 2013-10-26 11:42:03,126 [TreeArchive:96] - [281/125572] Writing e:\test\appearance\mesh\malkloc.lmg
INFO 2013-10-26 11:42:03,126 [TreeArchive:96] - [282/125572] Writing e:\test\object\mobile\shared_tauntaun_hue.iff
INFO 2013-10-26 11:42:03,126 [TreeArchive:96] - [283/125572] Writing e:\test\texture\zab_b_tattoo_s04.dds
INFO 2013-10-26 11:42:03,127 [TreeArchive:96] - [284/125572] Writing e:\test\shader\eqp_organ_krayt_pearl_gland_sm_asc14.sht
INFO 2013-10-26 11:42:03,127 [TreeArchive:96] - [285/125572] Writing e:\test\appearance\mesh\armor_marauder_s03_bracer_l_m_l1.mgn
INFO 2013-10-26 11:42:03,127 [TreeArchive:96] - [286/125572] Writing e:\test\appearance\mesh\poi_all_impl_bunker_small_outpost_s01_r27_cell4_mesh.msh
INFO 2013-10-26 11:42:03,127 [TreeArchive:96] - [287/125572] Writing e:\test\appearance\animation\battle_droid_cbt_rifle_standing_ready_idle_back_right.ans
INFO 2013-10-26 11:42:03,128 [TreeArchive:96] - [288/125572] Writing e:\test\sound\cr_condordragon_emote_vocalize.snd
INFO 2013-10-26 11:42:03,128 [TreeArchive:96] - [289/125572] Writing e:\test\appearance\animation\all_b_cbt_rifle_prone_ready_fire_tumble_to_rifle_kneeling_ready.ans
INFO 2013-10-26 11:42:03,128 [TreeArchive:96] - [290/125572] Writing e:\test\appearance\mesh\hum_m_hair_s26_l0.mgn
INFO 2013-10-26 11:42:03,129 [TreeArchive:96] - [291/125572] Writing e:\test\datatables\questlist\spacequest\recovery_duty\tatooine_privateer_5.iff
INFO 2013-10-26 11:42:03,129 [TreeArchive:96] - [292/125572] Writing e:\test\clientdata\npc\client_shared_npc_dressed_tatooine_slaver.cdf
INFO 2013-10-26 11:42:03,129 [TreeArchive:96] - [293/125572] Writing e:\test\appearance\mesh\armor_bounty_hunter_helmet_f.lmg
INFO 2013-10-26 11:42:03,129 [TreeArchive:96] - [294/125572] Writing e:\test\shader\kaadu_head_hue_hcsa22.sht
INFO 2013-10-26 11:42:03,130 [TreeArchive:96] - [295/125572] Writing e:\test\clientdata\creature\client_shared_cr_great_borgle.cdf
INFO 2013-10-26 11:42:03,130 [TreeArchive:96] - [296/125572] Writing e:\test\player_music\sample\song07_shorn_flourish06_lp.wav
INFO 2013-10-26 11:42:03,130 [TreeArchive:96] - [297/125572] Writing e:\test\texture\corl_theater_fabric.dds
INFO 2013-10-26 11:42:03,130 [TreeArchive:96] - [298/125572] Writing e:\test\appearance\mesh\sul_hair_s01_f_l2.mgn
INFO 2013-10-26 11:42:03,131 [TreeArchive:96] - [299/125572] Writing e:\test\object\building\poi\shared_corellia_drall_patriot_large1.iff
INFO 2013-10-26 11:42:03,131 [TreeArchive:96] - [300/125572] Writing e:\test\appearance\mesh\thm_corl_skyskraper_s03_r0_mesh_l1.msh
INFO 2013-10-26 11:42:03,131 [TreeArchive:96] - [301/125572] Writing e:\test\appearance\mtns_rock_grey_a9.apt
INFO 2013-10-26 11:42:03,131 [TreeArchive:96] - [302/125572] Writing e:\test\shader\pak_poi_all_corral_rebl_32x32_s01_l1_as8.sht
INFO 2013-10-26 11:42:03,132 [TreeArchive:96] - [303/125572] Writing e:\test\appearance\sprite\decd_windswept_l4.spr
INFO 2013-10-26 11:42:03,132 [TreeArchive:96] - [304/125572] Writing e:\test\appearance\mesh\jacket_s10_m_l3.mgn
INFO 2013-10-26 11:42:03,132 [TreeArchive:96] - [305/125572] Writing e:\test\texture\gaping_spider_n.dds
INFO 2013-10-26 11:42:03,132 [TreeArchive:96] - [306/125572] Writing e:\test\shader\star_destroyer_body.sht
INFO 2013-10-26 11:42:03,133 [TreeArchive:96] - [307/125572] Writing e:\test\object\tangible\ship\customization\shared_xwing_cowl_neg_s01.iff
INFO 2013-10-26 11:42:03,133 [TreeArchive:96] - [308/125572] Writing e:\test\appearance\mesh\nightsister_pants_s02_l0.mgn
INFO 2013-10-26 11:42:03,133 [TreeArchive:96] - [309/125572] Writing e:\test\sample\cr_gualama_hit_hvy.wav
INFO 2013-10-26 11:42:03,133 [TreeArchive:96] - [310/125572] Writing e:\test\appearance\lod\mun_tato_bank_s01_l0_c6.lod
INFO 2013-10-26 11:42:03,134 [TreeArchive:96] - [311/125572] Writing e:\test\appearance\animation\insect_basic_cbt_stand_combat_attack_special_1.ans
INFO 2013-10-26 11:42:03,134 [TreeArchive:96] - [312/125572] Writing e:\test\appearance\thm_tato_imprv_over_beam_s01.apt
INFO 2013-10-26 11:42:03,134 [TreeArchive:96] - [313/125572] Writing e:\test\shader\pak_thm_tato_imprv_archway_s01_l2_as8.sht
INFO 2013-10-26 11:42:03,134 [TreeArchive:96] - [314/125572] Writing e:\test\sample\sys_shield_rear.wav
INFO 2013-10-26 11:42:03,135 [TreeArchive:96] - [315/125572] Writing e:\test\shader\pt_ambient_green_beetle.sht
INFO 2013-10-26 11:42:03,135 [TreeArchive:96] - [316/125572] Writing e:\test\appearance\mesh\worrt_hue.lmg
INFO 2013-10-26 11:42:03,135 [TreeArchive:96] - [317/125572] Writing e:\test\texture\grss_long_olive.dds
INFO 2013-10-26 11:42:03,135 [TreeArchive:96] - [318/125572] Writing e:\test\palette\npc_species_hutts.pal
INFO 2013-10-26 11:42:03,135 [TreeArchive:96] - [319/125572] Writing e:\test\object\mobile\shared_dressed_herald_corellia_02.iff
INFO 2013-10-26 11:42:03,136 [TreeArchive:96] - [320/125572] Writing e:\test\appearance\mesh\decd_endr_destree_dead_l0.msh
INFO 2013-10-26 11:42:03,136 [TreeArchive:96] - [321/125572] Writing e:\test\appearance\sprite\leaf_palmbush_l3.spr
INFO 2013-10-26 11:42:03,136 [TreeArchive:96] - [322/125572] Writing e:\test\string\en\theme_park_imperial\loam_redge.stf
INFO 2013-10-26 11:42:03,136 [TreeArchive:96] - [323/125572] Writing e:\test\appearance\mesh\fern_ferntree_l3.msh
INFO 2013-10-26 11:42:03,137 [TreeArchive:96] - [324/125572] Writing e:\test\appearance\animation\fambaa_idl_incapacitated.ans
INFO 2013-10-26 11:42:03,137 [TreeArchive:96] - [325/125572] Writing e:\test\shader\thed_rocky_seawall_asb13.sht
INFO 2013-10-26 11:42:03,137 [TreeArchive:96] - [326/125572] Writing e:\test\sample\fs_bare_stone_01.wav
INFO 2013-10-26 11:42:03,137 [TreeArchive:96] - [327/125572] Writing e:\test\shader\mun_cloning_tank_asb14.sht
INFO 2013-10-26 11:42:03,138 [TreeArchive:96] - [328/125572] Writing e:\test\texture\succ_tatt_hubba_base_n.dds
INFO 2013-10-26 11:42:03,138 [TreeArchive:96] - [329/125572] Writing e:\test\appearance\mesh\armor_bone_s01_helmet_twk_f_l0.mgn
INFO 2013-10-26 11:42:03,138 [TreeArchive:96] - [330/125572] Writing e:\test\texture\armor_marauder_leggings_s02_hue.dds
INFO 2013-10-26 11:42:03,138 [TreeArchive:96] - [331/125572] Writing e:\test\appearance\mesh\ply_tato_cloning_facility_s01_r4_cloninglab_mesh_r4.msh
INFO 2013-10-26 11:42:03,139 [TreeArchive:96] - [332/125572] Writing e:\test\appearance\mesh\ship_component_weapon_s01_l2.msh
INFO 2013-10-26 11:42:03,139 [TreeArchive:96] - [333/125572] Writing e:\test\appearance\animation\all_m_dnc_m_poplock_sp_5.ans
INFO 2013-10-26 11:42:03,140 [TreeArchive:96] - [334/125572] Writing e:\test\appearance\mesh\mun_tato_hotel_s01_r0_mesh_l0_c6_l1_c6.msh
INFO 2013-10-26 11:42:03,140 [TreeArchive:96] - [335/125572] Writing e:\test\string\ja\craft_creature_ingredients_d.stf
INFO 2013-10-26 11:42:03,140 [TreeArchive:96] - [336/125572] Writing e:\test\appearance\mesh\rod_m_hair_s02_l3.mgn
INFO 2013-10-26 11:42:03,141 [TreeArchive:96] - [337/125572] Writing e:\test\appearance\mesh\thm_dath_night_sister_stronghold_r2_mesh_r2.msh
INFO 2013-10-26 11:42:03,141 [TreeArchive:96] - [338/125572] Writing e:\test\clientdata\npc\client_shared_npc_dressed_nym_brawler_tran_m.cdf
INFO 2013-10-26 11:42:03,141 [TreeArchive:96] - [339/125572] Writing e:\test\sample\item_vehicle_plant_make_itm.wav
INFO 2013-10-26 11:42:03,141 [TreeArchive:96] - [340/125572] Writing e:\test\shader\hermit_spider_a_ap10.sht
INFO 2013-10-26 11:42:03,141 [TreeArchive:96] - [341/125572] Writing e:\test\texture\radl_jung_leaf_plant_sm.dds
INFO 2013-10-26 11:42:03,142 [TreeArchive:96] - [342/125572] Writing e:\test\object\tangible\ship\crafted\weapon\shared_min_damage_intensifier_mk1.iff
INFO 2013-10-26 11:42:03,142 [TreeArchive:96] - [343/125572] Writing e:\test\appearance\animation\all_b_cbt_sword_2h_standing_ready_thrust_low.ans
INFO 2013-10-26 11:42:03,142 [TreeArchive:96] - [344/125572] Writing e:\test\appearance\animation\eg6_rea_stand_get_hit_fly_back.ans
INFO 2013-10-26 11:42:03,142 [TreeArchive:96] - [345/125572] Writing e:\test\appearance\mesh\armor_chitin_s01_leggings_f_l2.mgn
INFO 2013-10-26 11:42:03,143 [TreeArchive:96] - [346/125572] Writing e:\test\clientdata\npc\client_shared_space_privateer_tier1_tatooine.cdf
INFO 2013-10-26 11:42:03,143 [TreeArchive:96] - [347/125572] Writing e:\test\shader\pak_ply_nboo_assoc_hall_civ_s01_r0_exterior_mesh_exterior_l2_as8.sht
INFO 2013-10-26 11:42:03,143 [TreeArchive:96] - [348/125572] Writing e:\test\sample\wep_glop_grenade_lg_pop_1.wav
INFO 2013-10-26 11:42:03,143 [TreeArchive:96] - [349/125572] Writing e:\test\object\tangible\hair\bothan\shared_hair_bothan_female_s04.iff
INFO 2013-10-26 11:42:03,144 [TreeArchive:96] - [350/125572] Writing e:\test\appearance\thm_all_cave_stalagtite_damprock_b2.apt
INFO 2013-10-26 11:42:03,144 [TreeArchive:96] - [351/125572] Writing e:\test\clienteffect\cr_giant_spider_hit_hvy.cef
INFO 2013-10-26 11:42:03,144 [TreeArchive:96] - [352/125572] Writing e:\test\shader\2d_downsample_4x4.sht
INFO 2013-10-26 11:42:03,144 [TreeArchive:96] - [353/125572] Writing e:\test\shader\bib_fortuna_glove_asb14.sht
INFO 2013-10-26 11:42:03,145 [TreeArchive:96] - [354/125572] Writing e:\test\appearance\animation\chevin_loc_run.ans
INFO 2013-10-26 11:42:03,145 [TreeArchive:96] - [355/125572] Writing e:\test\object\mobile\shared_dressed_bountyhunter_trainer_04.iff
INFO 2013-10-26 11:42:03,145 [TreeArchive:96] - [356/125572] Writing e:\test\texture\xwing_engine_s02_sm_s01b.dds
INFO 2013-10-26 11:42:03,145 [TreeArchive:96] - [357/125572] Writing e:\test\appearance\collision\mun_corl_capitol_s01_r2_foyer1_collision_floor0.flr
INFO 2013-10-26 11:42:03,146 [TreeArchive:96] - [358/125572] Writing e:\test\object\tangible\ship\attachment\shield\shared_star_destroyer_shieldtower_2.iff
INFO 2013-10-26 11:42:03,146 [TreeArchive:96] - [359/125572] Writing e:\test\shader\armor_marauder_chest_s03_hc8_sm.sht
INFO 2013-10-26 11:42:03,146 [TreeArchive:96] - [360/125572] Writing e:\test\palette\npc_skin_devaronian.pal
INFO 2013-10-26 11:42:03,147 [TreeArchive:96] - [361/125572] Writing e:\test\string\ja\conversation\racing_narmle.stf
INFO 2013-10-26 11:42:03,147 [TreeArchive:96] - [362/125572] Writing e:\test\object\mobile\shared_fanned_rawl_hue.iff
INFO 2013-10-26 11:42:03,147 [TreeArchive:96] - [363/125572] Writing e:\test\object\tangible\ship\crafted\shields\shared_shield_intensifier_mk1.iff
INFO 2013-10-26 11:42:03,147 [TreeArchive:96] - [364/125572] Writing e:\test\texture\grss_long_dark_a1.dds
INFO 2013-10-26 11:42:03,148 [TreeArchive:96] - [365/125572] Writing e:\test\appearance\mesh\gaping_spider_hue.lmg
INFO 2013-10-26 11:42:03,148 [TreeArchive:96] - [366/125572] Writing e:\test\pixel_program\h_alpha_color2_envmask_ps11.psh
INFO 2013-10-26 11:42:03,148 [TreeArchive:96] - [367/125572] Writing e:\test\object\static\structure\naboo\shared_arbor_corner_45_s01.iff
INFO 2013-10-26 11:42:03,149 [TreeArchive:96] - [368/125572] Writing e:\test\texture\nebula2_left_sm.dds
INFO 2013-10-26 11:42:03,149 [TreeArchive:96] - [369/125572] Writing e:\test\sound\cbt_hit_armor_republic_cruiser.snd
INFO 2013-10-26 11:42:03,149 [TreeArchive:96] - [370/125572] Writing e:\test\string\en\spacequest\assassinate\corellia_privateer_tier4_4a.stf
INFO 2013-10-26 11:42:03,150 [TreeArchive:96] - [371/125572] Writing e:\test\sound\eng_idle_tie_defender_lp.snd
INFO 2013-10-26 11:42:03,150 [TreeArchive:96] - [372/125572] Writing e:\test\appearance\pt_trailing_distant_tie_interceptors2.prt
INFO 2013-10-26 11:42:03,150 [TreeArchive:96] - [373/125572] Writing e:\test\shader\pak_mun_tato_capitol_s01_r0_mesh_l0_c3_l2_c3_as8.sht
INFO 2013-10-26 11:42:03,150 [TreeArchive:96] - [374/125572] Writing e:\test\appearance\eqp_organ_stomach_s01.apt
INFO 2013-10-26 11:42:03,151 [TreeArchive:96] - [375/125572] Writing e:\test\clientdata\client_shared_parking_garage.cdf
INFO 2013-10-26 11:42:03,151 [TreeArchive:96] - [376/125572] Writing e:\test\appearance\lod\rock_beach_dark_lg.lod
INFO 2013-10-26 11:42:03,151 [TreeArchive:96] - [377/125572] Writing e:\test\appearance\lod\thm_corl_skyskraper_s05_r0_mesh.lod
INFO 2013-10-26 11:42:03,152 [TreeArchive:96] - [378/125572] Writing e:\test\appearance\helmet_fighter_blacksun_m.sat
INFO 2013-10-26 11:42:03,152 [TreeArchive:96] - [379/125572] Writing e:\test\texture\thm_sign_correlia_n.dds
INFO 2013-10-26 11:42:03,153 [TreeArchive:96] - [380/125572] Writing e:\test\object\static\item\shared_item_tool_sensor_frequency_jammer_s2.iff
INFO 2013-10-26 11:42:03,153 [TreeArchive:96] - [381/125572] Writing e:\test\appearance\animation\dz70_std_retract_arms.ans
INFO 2013-10-26 11:42:03,153 [TreeArchive:96] - [382/125572] Writing e:\test\object\tangible\food\crafted\shared_dessert_pkneb.iff
INFO 2013-10-26 11:42:03,153 [TreeArchive:96] - [383/125572] Writing e:\test\string\en\mission\mission_destroy_rebel_military_medium.stf
INFO 2013-10-26 11:42:03,154 [TreeArchive:96] - [384/125572] Writing e:\test\shader\ronto_hue_hcb13.sht
INFO 2013-10-26 11:42:03,154 [TreeArchive:96] - [385/125572] Writing e:\test\appearance\shirt_s15_m.sat
INFO 2013-10-26 11:42:03,154 [TreeArchive:96] - [386/125572] Writing e:\test\appearance\mesh\thm_tato_lucky_despot_r0_mesh_l0_c5_l2_c5.msh
INFO 2013-10-26 11:42:03,154 [TreeArchive:96] - [387/125572] Writing e:\test\appearance\mesh\asteroid_ice_medium_s01_l2.msh
INFO 2013-10-26 11:42:03,155 [TreeArchive:96] - [388/125572] Writing e:\test\clientdata\ship\component\rebel_gunboat_turretbase_s01.cdf
INFO 2013-10-26 11:42:03,155 [TreeArchive:96] - [389/125572] Writing e:\test\sound\cr_sharnaff_bull_attack_hvy.snd
INFO 2013-10-26 11:42:03,155 [TreeArchive:96] - [390/125572] Writing e:\test\appearance\mesh\nikto_m_l2.mgn
INFO 2013-10-26 11:42:03,156 [TreeArchive:96] - [391/125572] Writing e:\test\appearance\ui_space_zone_spacestation.spr
INFO 2013-10-26 11:42:03,156 [TreeArchive:96] - [392/125572] Writing e:\test\appearance\mesh\robe_prefect_talmont_m_l1.mgn
INFO 2013-10-26 11:42:03,156 [TreeArchive:96] - [393/125572] Writing e:\test\object\tangible\wearables\robe\shared_robe_s04.iff
INFO 2013-10-26 11:42:03,156 [TreeArchive:96] - [394/125572] Writing e:\test\shader\armor_stormtrooper_s1_bracer_env.sht
INFO 2013-10-26 11:42:03,157 [TreeArchive:96] - [395/125572] Writing e:\test\object\mobile\shared_putrid_decay_mite_hatchling.iff
INFO 2013-10-26 11:42:03,157 [TreeArchive:96] - [396/125572] Writing e:\test\shader\newbie_stair_a_ce9.sht
INFO 2013-10-26 11:42:03,157 [TreeArchive:96] - [397/125572] Writing e:\test\appearance\mesh\backpack_s03_f_l2.mgn
INFO 2013-10-26 11:42:03,158 [TreeArchive:96] - [398/125572] Writing e:\test\appearance\eqp_tool_impulse_detector_s3.apt
INFO 2013-10-26 11:42:03,158 [TreeArchive:96] - [399/125572] Writing e:\test\string\ja\static_npc\naboo\junelle_astor.stf
INFO 2013-10-26 11:42:03,158 [TreeArchive:96] - [400/125572] Writing e:\test\appearance\mesh\thm_corl_imprv_building_block_64x32_s02_r4_spawn4_mesh_r4.msh
INFO 2013-10-26 11:42:03,159 [TreeArchive:96] - [401/125572] Writing e:\test\object\draft_schematic\furniture\shared_furniture_terminal_wall.iff
INFO 2013-10-26 11:42:03,159 [TreeArchive:96] - [402/125572] Writing e:\test\texture\rock_crystl_bsh_wtr.dds
INFO 2013-10-26 11:42:03,159 [TreeArchive:96] - [403/125572] Writing e:\test\shader\tent_green_as8.sht
INFO 2013-10-26 11:42:03,159 [TreeArchive:96] - [404/125572] Writing e:\test\sound\cr_mamien_ancient_vocalize.snd
INFO 2013-10-26 11:42:03,160 [TreeArchive:96] - [405/125572] Writing e:\test\object\tangible\wearables\ithorian\shared_ith_underwear_bottom.iff
INFO 2013-10-26 11:42:03,160 [TreeArchive:96] - [406/125572] Writing e:\test\appearance\belt_s07_wke_f.sat
INFO 2013-10-26 11:42:03,160 [TreeArchive:96] - [407/125572] Writing e:\test\appearance\collision\ply_nboo_house_m_s02_fp1_collision_floor0.flr
INFO 2013-10-26 11:42:03,160 [TreeArchive:96] - [408/125572] Writing e:\test\datatables\space\hyperspace\hyperspace_locations.iff
INFO 2013-10-26 11:42:03,161 [TreeArchive:96] - [409/125572] Writing e:\test\appearance\animation\jawa_cbt_rifle_standing_fire_3_front_right.ans
INFO 2013-10-26 11:42:03,161 [TreeArchive:96] - [410/125572] Writing e:\test\appearance\rock_mossy_small_a1.apt
INFO 2013-10-26 11:42:03,161 [TreeArchive:96] - [411/125572] Writing e:\test\appearance\mesh\pants_s31_f_l0.mgn
INFO 2013-10-26 11:42:03,161 [TreeArchive:96] - [412/125572] Writing e:\test\shader\pak_ins_all_min_s01_u1_piston_l4_as8.sht
INFO 2013-10-26 11:42:03,162 [TreeArchive:96] - [413/125572] Writing e:\test\sound\cr_female_snorbal_calf_vocalize.snd
INFO 2013-10-26 11:42:03,162 [TreeArchive:96] - [414/125572] Writing e:\test\object\tangible\ship\crafted\engine\shared_upgraded_retro_thrusters_mk1.iff
INFO 2013-10-26 11:42:03,162 [TreeArchive:96] - [415/125572] Writing e:\test\appearance\mesh\belt_s16_m_l2.mgn
INFO 2013-10-26 11:42:03,163 [TreeArchive:96] - [416/125572] Writing e:\test\texture\pt_ambient_green_beetle.dds
INFO 2013-10-26 11:42:03,163 [TreeArchive:96] - [417/125572] Writing e:\test\clientdata\npc\client_shared_npc_dressed_commoner_old_twilek_female_02.cdf
INFO 2013-10-26 11:42:03,163 [TreeArchive:96] - [418/125572] Writing e:\test\appearance\ui_select.apt
INFO 2013-10-26 11:42:03,163 [TreeArchive:96] - [419/125572] Writing e:\test\shader\narglatch_hue_hc8.sht
INFO 2013-10-26 11:42:03,164 [TreeArchive:96] - [420/125572] Writing e:\test\appearance\animation\droid_2_cbt_rifle_standing_ready_idle_back_right.ans
INFO 2013-10-26 11:42:03,164 [TreeArchive:96] - [421/125572] Writing e:\test\object\tangible\food\spice\shared_spice_sweetblossom.iff
INFO 2013-10-26 11:42:03,164 [TreeArchive:96] - [422/125572] Writing e:\test\shader\jabb_glass_b_aa7.sht
INFO 2013-10-26 11:42:03,164 [TreeArchive:96] - [423/125572] Writing e:\test\appearance\lod\wp_sp_massassi_knuckler.lod
INFO 2013-10-26 11:42:03,165 [TreeArchive:96] - [424/125572] Writing e:\test\player_music\sample\song04_nlrg_intro.wav
INFO 2013-10-26 11:42:03,165 [TreeArchive:96] - [425/125572] Writing e:\test\texture\eqp_medic_stimpack_sm_s1_sm.dds
INFO 2013-10-26 11:42:03,165 [TreeArchive:96] - [426/125572] Writing e:\test\object\tangible\deed\harvester_deed\shared_harvester_moisture_deed_heavy.iff
INFO 2013-10-26 11:42:03,165 [TreeArchive:96] - [427/125572] Writing e:\test\object\tangible\ship\components\droid_interface\shared_ddi_moncal_advanced_interface.iff
INFO 2013-10-26 11:42:03,166 [TreeArchive:96] - [428/125572] Writing e:\test\object\static\item\shared_item_kitchen_pot_style_03.iff
INFO 2013-10-26 11:42:03,166 [TreeArchive:96] - [429/125572] Writing e:\test\texture\wke_f_body_s02.dds
INFO 2013-10-26 11:42:03,166 [TreeArchive:96] - [430/125572] Writing e:\test\appearance\mesh\dantari_f_hair_s01_l0.mgn
INFO 2013-10-26 11:42:03,167 [TreeArchive:96] - [431/125572] Writing e:\test\appearance\mesh\rock_forestrock_lg_l3.msh
INFO 2013-10-26 11:42:03,167 [TreeArchive:96] - [432/125572] Writing e:\test\texture\planet_halo.dds
INFO 2013-10-26 11:42:03,167 [TreeArchive:96] - [433/125572] Writing e:\test\appearance\mesh\poi_all_bunker_allum_mine_r50_largeroom50_mesh_r50.msh
INFO 2013-10-26 11:42:03,167 [TreeArchive:96] - [434/125572] Writing e:\test\appearance\mesh\rank_imp_general_m_l1.mgn
INFO 2013-10-26 11:42:03,168 [TreeArchive:96] - [435/125572] Writing e:\test\texture\env_tato_moscity_day.dds
INFO 2013-10-26 11:42:03,168 [TreeArchive:96] - [436/125572] Writing e:\test\sample\amb_talus_nashal_starport_lp.wav
INFO 2013-10-26 11:42:03,168 [TreeArchive:96] - [437/125572] Writing e:\test\appearance\poi_nboo_corral_32x32_s02.apt
INFO 2013-10-26 11:42:03,168 [TreeArchive:96] - [438/125572] Writing e:\test\object\building\yavin\shared_temple_blueleaf.iff
INFO 2013-10-26 11:42:03,168 [TreeArchive:96] - [439/125572] Writing e:\test\shader\pak_core_decd_kenalpatree_l2_as8.sht
INFO 2013-10-26 11:42:03,169 [TreeArchive:96] - [440/125572] Writing e:\test\sound\cr_bordok_foal_hit_hvy.snd
INFO 2013-10-26 11:42:03,169 [TreeArchive:96] - [441/125572] Writing e:\test\appearance\animation\all_b_cbt_pistol_kneeling_ready_tumble_to_pistol_standing_ready.ans
INFO 2013-10-26 11:42:03,169 [TreeArchive:96] - [442/125572] Writing e:\test\shader\hutt_eye.sht
INFO 2013-10-26 11:42:03,169 [TreeArchive:96] - [443/125572] Writing e:\test\texture\nebula2.dds
INFO 2013-10-26 11:42:03,170 [TreeArchive:96] - [444/125572] Writing e:\test\texture\loading\naboo\ui_load_naboo.dds
INFO 2013-10-26 11:42:03,170 [TreeArchive:96] - [445/125572] Writing e:\test\texture\pak_thm_tato_guild_statue_freestand_s01_l2.dds
INFO 2013-10-26 11:42:03,170 [TreeArchive:96] - [446/125572] Writing e:\test\texture\pak_mun_all_military_tower_impl_guard_s01_r0_exterior_mesh_l2.dds
INFO 2013-10-26 11:42:03,170 [TreeArchive:96] - [447/125572] Writing e:\test\object\mobile\shared_dressed_garm_bel_iblis.iff
INFO 2013-10-26 11:42:03,171 [TreeArchive:96] - [448/125572] Writing e:\test\texture\core_razorgrass_mtns_a1_spr.dds
INFO 2013-10-26 11:42:03,171 [TreeArchive:96] - [449/125572] Writing e:\test\appearance\mesh\decd_dath_overgrownbranch_l0.msh
INFO 2013-10-26 11:42:03,171 [TreeArchive:96] - [450/125572] Writing e:\test\clientdata\npc\client_shared_npc_quarren_m.cdf
INFO 2013-10-26 11:42:03,185 [TreeArchive:96] - [451/125572] Writing e:\test\appearance\mesh\decd_scorched_massassi_broke_l3.msh
INFO 2013-10-26 11:42:03,214 [TreeArchive:96] - [452/125572] Writing e:\test\sample\cr_lg_fs_metal_04.wav
INFO 2013-10-26 11:42:03,222 [TreeArchive:96] - [453/125572] Writing e:\test\appearance\mesh\ywing_weapon2_s02_l0.msh
INFO 2013-10-26 11:42:03,243 [TreeArchive:96] - [454/125572] Writing e:\test\shader\pak_mun_tato_starport_rear_l0_as8.sht
INFO 2013-10-26 11:42:03,246 [TreeArchive:96] - [455/125572] Writing e:\test\appearance\xwing_weapon2_neg_s02.apt
INFO 2013-10-26 11:42:03,249 [TreeArchive:96] - [456/125572] Writing e:\test\appearance\mesh\poi_ev9d9_powerdown_l2.msh
INFO 2013-10-26 11:42:03,269 [TreeArchive:96] - [457/125572] Writing e:\test\appearance\mesh\bwing_weapon2l_s06_l1.msh
INFO 2013-10-26 11:42:03,285 [TreeArchive:96] - [458/125572] Writing e:\test\string\en\spacequest\escort_duty\dathomir_station_priv_escort_duty_tier3.stf
INFO 2013-10-26 11:42:03,297 [TreeArchive:96] - [459/125572] Writing e:\test\appearance\pt_ship_trailing_damage_3.prt
INFO 2013-10-26 11:42:03,310 [TreeArchive:96] - [460/125572] Writing e:\test\texture\bunker_crimelord_details_c.dds
INFO 2013-10-26 11:42:03,373 [TreeArchive:96] - [461/125572] Writing e:\test\appearance\collision\mun_corl_capitol_s01_r0_collision_floor.flr
INFO 2013-10-26 11:42:03,385 [TreeArchive:96] - [462/125572] Writing e:\test\object\static\structure\corellia\shared_corl_imprv_bannerpole_s01.iff
INFO 2013-10-26 11:42:03,388 [TreeArchive:96] - [463/125572] Writing e:\test\shader\armor_composite_bicep_as8.sht
INFO 2013-10-26 11:42:03,400 [TreeArchive:96] - [464/125572] Writing e:\test\object\static\item\shared_item_food_cake.iff
INFO 2013-10-26 11:42:03,403 [TreeArchive:96] - [465/125572] Writing e:\test\texture\thed_hospital_trim.dds
INFO 2013-10-26 11:42:03,419 [TreeArchive:96] - [466/125572] Writing e:\test\datatables\questlist\spacequest\escort\naboo_rebel_3.iff
INFO 2013-10-26 11:42:03,434 [TreeArchive:96] - [467/125572] Writing e:\test\appearance\mesh\thm_corl_imprv_building_s07_r4_foyer2_mesh_l1.msh
INFO 2013-10-26 11:42:03,443 [TreeArchive:96] - [468/125572] Writing e:\test\shader\all_concrete_c_fallback_adb13.sht
INFO 2013-10-26 11:42:03,446 [TreeArchive:96] - [469/125572] Writing e:\test\appearance\animation\protocol_droid_cbt_pistol_standing_ready_idle_back_right.ans
INFO 2013-10-26 11:42:03,463 [TreeArchive:96] - [470/125572] Writing e:\test\object\creature\npc\base\shared_ishi_tib_base_male.iff
INFO 2013-10-26 11:42:03,466 [TreeArchive:96] - [471/125572] Writing e:\test\string\ja\conversation\junk_sneg_valarian.stf
INFO 2013-10-26 11:42:03,487 [TreeArchive:96] - [472/125572] Writing e:\test\texture\tie_cockpit_main_cn.dds
INFO 2013-10-26 11:42:03,541 [TreeArchive:96] - [473/125572] Writing e:\test\object\soundobject\shared_soundobject_water_gurgle.iff
INFO 2013-10-26 11:42:03,544 [TreeArchive:96] - [474/125572] Writing e:\test\texture\font\verdana_17_000.dds
INFO 2013-10-26 11:42:03,554 [TreeArchive:96] - [475/125572] Writing e:\test\appearance\mesh\mun_tato_garage_s01_u01_l0_c2_l1_c2.msh
INFO 2013-10-26 11:42:03,570 [TreeArchive:96] - [476/125572] Writing e:\test\appearance\animation\giraffe_emt_stand_trick_1.ans
INFO 2013-10-26 11:42:03,574 [TreeArchive:96] - [477/125572] Writing e:\test\appearance\pt_survey_tool_mineral.prt
INFO 2013-10-26 11:42:03,587 [TreeArchive:96] - [478/125572] Writing e:\test\appearance\animation\all_b_cbt_pistol_kneeling_aimed_fire_single.ans
INFO 2013-10-26 11:42:03,601 [TreeArchive:96] - [479/125572] Writing e:\test\appearance\mesh\robe_jedi_dark_s04_trn_f.lmg
INFO 2013-10-26 11:42:03,615 [TreeArchive:96] - [480/125572] Writing e:\test\appearance\mesh\shrb_yavn_clawthorn_l1.msh
INFO 2013-10-26 11:42:03,624 [TreeArchive:96] - [481/125572] Writing e:\test\sample\wep_hv_rocket_hit_terrain.wav
INFO 2013-10-26 11:42:03,634 [TreeArchive:96] - [482/125572] Writing e:\test\shader\kessel_mine_turret_root_asc14.sht
INFO 2013-10-26 11:42:03,645 [TreeArchive:96] - [483/125572] Writing e:\test\appearance\mesh\thm_all_assoc_hall_civ_s01_r3_halla_mesh_r3.msh
INFO 2013-10-26 11:42:03,659 [TreeArchive:96] - [484/125572] Writing e:\test\string\ja\spawning\static_npc\herald_endor_jinda_spiritualists.stf
INFO 2013-10-26 11:42:03,663 [TreeArchive:96] - [485/125572] Writing e:\test\appearance\animation\wed_treadwell_cbt_attack_melee.ans
INFO 2013-10-26 11:42:03,673 [TreeArchive:96] - [486/125572] Writing e:\test\appearance\animation\geonosian_cbt_pole_attack_heavy.ans
INFO 2013-10-26 11:42:03,683 [TreeArchive:96] - [487/125572] Writing e:\test\appearance\lod\black_sun_fighter_heavy_missile_pod_s01.lod
INFO 2013-10-26 11:42:03,697 [TreeArchive:96] - [488/125572] Writing e:\test\appearance\collision\mun_all_guild_university_s01_r0_exterior_mesh_exterior_floor.flr
INFO 2013-10-26 11:42:03,706 [TreeArchive:96] - [489/125572] Writing e:\test\appearance\mesh\rock_crystl_watrbush_flat_l2.msh
INFO 2013-10-26 11:42:03,718 [TreeArchive:96] - [490/125572] Writing e:\test\shader\pak_mun_all_imprv_planter_s04_l2_as8.sht
INFO 2013-10-26 11:42:03,721 [TreeArchive:96] - [491/125572] Writing e:\test\appearance\mesh\thm_nboo_imprv_tall_curved_wall_small_s01_l0.msh
INFO 2013-10-26 11:42:03,754 [TreeArchive:96] - [492/125572] Writing e:\test\clientdata\index\client_shared_index_1_39.cdf
INFO 2013-10-26 11:42:03,756 [TreeArchive:96] - [493/125572] Writing e:\test\object\tangible\lair\base\shared_poi_all_lair_nest_small_fog_gray.iff
INFO 2013-10-26 11:42:03,759 [TreeArchive:96] - [494/125572] Writing e:\test\appearance\animation\all_b_cbt_pistol_prone_aimed_fire_11.ans
INFO 2013-10-26 11:42:03,763 [TreeArchive:96] - [495/125572] Writing e:\test\texture\tatt_tusken_metal_a3_n.dds
INFO 2013-10-26 11:42:03,787 [TreeArchive:96] - [496/125572] Writing e:\test\appearance\animation\pig_emt_stand_ashamed.ans
INFO 2013-10-26 11:42:03,791 [TreeArchive:96] - [497/125572] Writing e:\test\sound\cr_wood_mite_matriarch_hit_lgt.snd
INFO 2013-10-26 11:42:03,805 [TreeArchive:96] - [498/125572] Writing e:\test\object\tangible\hair\rodian\shared_hair_rodian_female_s03.iff
INFO 2013-10-26 11:42:03,807 [TreeArchive:96] - [499/125572] Writing e:\test\palette\pc_eye_hum.pal
INFO 2013-10-26 11:42:03,810 [TreeArchive:96] - [500/125572] Writing e:\test\appearance\mesh\zab_f_hair_s17_l3.mgn
INFO 2013-10-26 11:42:03,817 [TreeArchive:96] - [501/125572] Writing e:\test\music\mus_romance_c.mp3
INFO 2013-10-26 11:42:03,875 [TreeArchive:96] - [502/125572] Writing e:\test\texture\env_lok_global_day.dds
INFO 2013-10-26 11:42:03,887 [TreeArchive:96] - [503/125572] Writing e:\test\appearance\animation\neck_root__bird_turkey_nuna_std_turn_right.ans
INFO 2013-10-26 11:42:03,895 [TreeArchive:96] - [504/125572] Writing e:\test\texture\blacksun_medium_body_s01_cn.dds
INFO 2013-10-26 11:42:03,912 [TreeArchive:96] - [505/125572] Writing e:\test\appearance\animation\bird_turkey_nuna_emt_stand_confused.ans
INFO 2013-10-26 11:42:03,922 [TreeArchive:96] - [506/125572] Writing e:\test\appearance\mesh\dwarf_nuna_l4.mgn
INFO 2013-10-26 11:42:03,949 [TreeArchive:96] - [507/125572] Writing e:\test\clienteffect\pl_force_weaken_hit.cef
INFO 2013-10-26 11:42:03,955 [TreeArchive:96] - [508/125572] Writing e:\test\shader\base_electric_fence.sht
INFO 2013-10-26 11:42:03,972 [TreeArchive:96] - [509/125572] Writing e:\test\object\building\poi\shared_lok_imperial_large4.iff
INFO 2013-10-26 11:42:03,979 [TreeArchive:96] - [510/125572] Writing e:\test\sound\cr_huf_dun_hit_hvy.snd
INFO 2013-10-26 11:42:03,989 [TreeArchive:96] - [511/125572] Writing e:\test\appearance\mesh\frn_all_throwpillow_med_s01_l2.msh
INFO 2013-10-26 11:42:04,024 [TreeArchive:96] - [512/125572] Writing e:\test\texture\cels_moon_mercury.dds
INFO 2013-10-26 11:42:04,039 [TreeArchive:96] - [513/125572] Writing e:\test\texture\sorosub3000_a_patterna_s02.dds
INFO 2013-10-26 11:42:04,095 [TreeArchive:96] - [514/125572] Writing e:\test\appearance\mesh\vir_vur_hue_l1.mgn
INFO 2013-10-26 11:42:04,105 [TreeArchive:96] - [515/125572] Writing e:\test\shader\armor_marauder_torso_s01_hc8_sm.sht
INFO 2013-10-26 11:42:04,107 [TreeArchive:96] - [516/125572] Writing e:\test\clientdata\creature\client_shared_cr_alpha_veermok.cdf
INFO 2013-10-26 11:42:04,118 [TreeArchive:96] - [517/125572] Writing e:\test\texture\trn_m_body_n.dds
INFO 2013-10-26 11:42:04,159 [TreeArchive:96] - [518/125572] Writing e:\test\object\tangible\lair\rock_mite\shared_lair_rock_mite.iff
INFO 2013-10-26 11:42:04,162 [TreeArchive:96] - [519/125572] Writing e:\test\string\ja\spacequest\escort_duty\rori_station_imp_escort_duty_tier3.stf
INFO 2013-10-26 11:42:04,173 [TreeArchive:96] - [520/125572] Writing e:\test\sample\amb_endor_dulok_village_1_os.wav
INFO 2013-10-26 11:42:04,184 [TreeArchive:96] - [521/125572] Writing e:\test\appearance\mesh\hum_m_hair_s18_l1.mgn
INFO 2013-10-26 11:42:04,190 [TreeArchive:96] - [522/125572] Writing e:\test\appearance\mesh\armor_marauder_s01_gloves_f_l0.mgn
INFO 2013-10-26 11:42:04,199 [TreeArchive:96] - [523/125572] Writing e:\test\appearance\mesh\ith_armor_s01_leggings_f_l3.mgn
INFO 2013-10-26 11:42:04,208 [TreeArchive:96] - [524/125572] Writing e:\test\shader\endr_lakehut_woodside_adb13.sht
INFO 2013-10-26 11:42:04,211 [TreeArchive:96] - [525/125572] Writing e:\test\appearance\mesh\mun_corl_hospital_s01_r9_halla_mesh_r9.msh
INFO 2013-10-26 11:42:04,236 [TreeArchive:96] - [526/125572] Writing e:\test\texture\blacksun_light_booster_s01_pattern05_b.dds
INFO 2013-10-26 11:42:04,257 [TreeArchive:96] - [527/125572] Writing e:\test\appearance\sing_mt_clan_dress_s01.sat
INFO 2013-10-26 11:42:04,259 [TreeArchive:96] - [528/125572] Writing e:\test\appearance\animation\bantha_idl_sleep.ans
INFO 2013-10-26 11:42:04,269 [TreeArchive:96] - [529/125572] Writing e:\test\object\draft_schematic\space\chassis\shared_yt1300.iff
INFO 2013-10-26 11:42:04,273 [TreeArchive:96] - [530/125572] Writing e:\test\player_music\sound\song08_drum_flourish08.snd
INFO 2013-10-26 11:42:04,275 [TreeArchive:96] - [531/125572] Writing e:\test\shader\greeata_body_as8.sht
INFO 2013-10-26 11:42:04,296 [TreeArchive:96] - [532/125572] Writing e:\test\appearance\animation\hutt_loc_walk.ans
INFO 2013-10-26 11:42:04,299 [TreeArchive:96] - [533/125572] Writing e:\test\object\tangible\loot\simple_kit\shared_wiring.iff
INFO 2013-10-26 11:42:04,303 [TreeArchive:96] - [534/125572] Writing e:\test\object\static\particle\shared_pt_falling_dirt_all_loop.iff
INFO 2013-10-26 11:42:04,305 [TreeArchive:96] - [535/125572] Writing e:\test\clienteffect\pl_force_blast.cef
INFO 2013-10-26 11:42:04,317 [TreeArchive:96] - [536/125572] Writing e:\test\texture\gorax_head_torso.dds
INFO 2013-10-26 11:42:04,338 [TreeArchive:96] - [537/125572] Writing e:\test\object\tangible\ship\components\droid_interface\shared_ddi_kse_elite_manager_2.iff
INFO 2013-10-26 11:42:04,341 [TreeArchive:96] - [538/125572] Writing e:\test\clientdata\client_shared_player_shuttle.cdf
INFO 2013-10-26 11:42:04,343 [TreeArchive:96] - [539/125572] Writing e:\test\appearance\mesh\hat_s12_mon_f_l1.mgn
INFO 2013-10-26 11:42:04,352 [TreeArchive:96] - [540/125572] Writing e:\test\appearance\ui_deliver_incomplete.spr
INFO 2013-10-26 11:42:04,354 [TreeArchive:96] - [541/125572] Writing e:\test\object\resource_container\shared_resource_container_organic_wheat.iff
INFO 2013-10-26 11:42:04,357 [TreeArchive:96] - [542/125572] Writing e:\test\shader\dsdebris_tube_spr_aa7.sht
INFO 2013-10-26 11:42:04,367 [TreeArchive:96] - [543/125572] Writing e:\test\string\en\quest\ground\c_story1_1_reb.stf
INFO 2013-10-26 11:42:04,378 [TreeArchive:96] - [544/125572] Writing e:\test\string\en\ui_datapad.stf
INFO 2013-10-26 11:42:04,381 [TreeArchive:96] - [545/125572] Writing e:\test\object\tangible\hair\human\shared_hair_human_female_s19.iff
INFO 2013-10-26 11:42:04,384 [TreeArchive:96] - [546/125572] Writing e:\test\appearance\mesh\thm_nboo_imprv_elevated_walkway_corner_s01_l2.msh
INFO 2013-10-26 11:42:04,399 [TreeArchive:96] - [547/125572] Writing e:\test\appearance\ith_pants_s17_m.sat
INFO 2013-10-26 11:42:04,411 [TreeArchive:96] - [548/125572] Writing e:\test\appearance\mesh\pants_s29_f_l2.mgn
INFO 2013-10-26 11:42:04,424 [TreeArchive:96] - [549/125572] Writing e:\test\object\static\space\debris\shared_cargo_destroyed_large_a.iff
INFO 2013-10-26 11:42:04,427 [TreeArchive:96] - [550/125572] Writing e:\test\appearance\animation\fambaa_rea_swim_get_hit_heavy.ans
INFO 2013-10-26 11:42:04,431 [TreeArchive:96] - [551/125572] Writing e:\test\appearance\lod\door_corl_hist_s01.lod
INFO 2013-10-26 11:42:04,456 [TreeArchive:96] - [552/125572] Writing e:\test\object\weapon\melee\sword\crafted_saber\shared_sword_lightsaber_one_handed_s3_gen2.iff
INFO 2013-10-26 11:42:04,459 [TreeArchive:96] - [553/125572] Writing e:\test\object\mobile\shared_dressed_blood_razor_pirate_guard_hum_m.iff
INFO 2013-10-26 11:42:04,461 [TreeArchive:96] - [554/125572] Writing e:\test\texture\leaf_yavn_kiteplant_spr.dds
INFO 2013-10-26 11:42:04,473 [TreeArchive:96] - [555/125572] Writing e:\test\object\static\structure\general\shared_cave_stalagmite_tato_s01_small.iff
INFO 2013-10-26 11:42:04,476 [TreeArchive:96] - [556/125572] Writing e:\test\player_music\sound\song16_nlrg_flourish04.snd
INFO 2013-10-26 11:42:04,479 [TreeArchive:96] - [557/125572] Writing e:\test\appearance\mesh\nightsister_f_head_l1.mgn
INFO 2013-10-26 11:42:04,502 [TreeArchive:96] - [558/125572] Writing e:\test\appearance\mesh\helmet_fighter_blacksun_mon_m_l1.mgn
INFO 2013-10-26 11:42:04,518 [TreeArchive:96] - [559/125572] Writing e:\test\object\tangible\ship\components\armor\shared_arm_mandal_elite_composite.iff
INFO 2013-10-26 11:42:04,564 [TreeArchive:96] - [560/125572] Writing e:\test\sound\fs_out_softground_bare.snd
INFO 2013-10-26 11:42:04,566 [TreeArchive:96] - [561/125572] Writing e:\test\voice\sound\voice_starport_cargo_trnsport_away.snd
INFO 2013-10-26 11:42:04,573 [TreeArchive:96] - [562/125572] Writing e:\test\appearance\mesh\hat_chef_s02_ith_m_l3.mgn
INFO 2013-10-26 11:42:04,581 [TreeArchive:96] - [563/125572] Writing e:\test\appearance\lambda_geardoor_a2.apt
INFO 2013-10-26 11:42:04,583 [TreeArchive:96] - [564/125572] Writing e:\test\appearance\mesh\ith_bodysuit_s05_m_l1.mgn
INFO 2013-10-26 11:42:04,594 [TreeArchive:96] - [565/125572] Writing e:\test\string\en\conversation\station_yavin4.stf
INFO 2013-10-26 11:42:04,609 [TreeArchive:96] - [566/125572] Writing e:\test\texture\marauder_hair_long_m.dds
INFO 2013-10-26 11:42:04,619 [TreeArchive:96] - [567/125572] Writing e:\test\appearance\mesh\ith_goggles_s01_f.lmg
INFO 2013-10-26 11:42:04,630 [TreeArchive:96] - [568/125572] Writing e:\test\player_music\sample\song10_shorn_outro.wav
INFO 2013-10-26 11:42:04,654 [TreeArchive:96] - [569/125572] Writing e:\test\appearance\mesh\frn_vet_jabba_toy_l2.msh
INFO 2013-10-26 11:42:04,695 [TreeArchive:96] - [570/125572] Writing e:\test\texture\ywing_engine_s02_med_s03b.dds
INFO 2013-10-26 11:42:04,726 [TreeArchive:96] - [571/125572] Writing e:\test\appearance\mesh\bth_m_hair_s13_l3.mgn
INFO 2013-10-26 11:42:04,741 [TreeArchive:96] - [572/125572] Writing e:\test\clienteffect\combat_trap_enraging_spur.cef
INFO 2013-10-26 11:42:04,746 [TreeArchive:96] - [573/125572] Writing e:\test\texture\tatt_filler_metal_trims.dds
INFO 2013-10-26 11:42:04,770 [TreeArchive:96] - [574/125572] Writing e:\test\appearance\mesh\jinda_m.lmg
INFO 2013-10-26 11:42:04,776 [TreeArchive:96] - [575/125572] Writing e:\test\string\en\spacequest\escort\vortex_mission_1.stf
INFO 2013-10-26 11:42:04,792 [TreeArchive:96] - [576/125572] Writing e:\test\appearance\mesh\thm_all_cave_s02_damprock_r5_mesh_r5.msh
INFO 2013-10-26 11:42:04,811 [TreeArchive:96] - [577/125572] Writing e:\test\appearance\mesh\shirt_s27_f.lmg
INFO 2013-10-26 11:42:04,815 [TreeArchive:96] - [578/125572] Writing e:\test\texture\pak_frn_all_plant_potted_lg_s3_l2.dds
INFO 2013-10-26 11:42:04,826 [TreeArchive:96] - [579/125572] Writing e:\test\appearance\mesh\ith_jacket_s05_f_l2.mgn
INFO 2013-10-26 11:42:04,842 [TreeArchive:96] - [580/125572] Writing e:\test\sound\dro_mse6_attack_lgt.snd
INFO 2013-10-26 11:42:04,855 [TreeArchive:96] - [581/125572] Writing e:\test\texture\pak_mun_nboo_capitol_s01_r0_mesh_l0_c2_l3_c2.dds
INFO 2013-10-26 11:42:04,869 [TreeArchive:96] - [582/125572] Writing e:\test\appearance\mesh\sul_beard_s10_m_l2.mgn
INFO 2013-10-26 11:42:04,884 [TreeArchive:96] - [583/125572] Writing e:\test\appearance\mesh\twk_m_body_l3.mgn
INFO 2013-10-26 11:42:04,904 [TreeArchive:96] - [584/125572] Writing e:\test\appearance\mouse_droid.sat
INFO 2013-10-26 11:42:04,907 [TreeArchive:96] - [585/125572] Writing e:\test\string\en\conversation\station_dathomir.stf
INFO 2013-10-26 11:42:04,920 [TreeArchive:96] - [586/125572] Writing e:\test\texture\brakaset_body_hue_sm.dds
INFO 2013-10-26 11:42:04,934 [TreeArchive:96] - [587/125572] Writing e:\test\object\building\player\shared_construction_structure.iff
INFO 2013-10-26 11:42:04,937 [TreeArchive:96] - [588/125572] Writing e:\test\shader\pt_splash_vehicle.sht
INFO 2013-10-26 11:42:04,944 [TreeArchive:96] - [589/125572] Writing e:\test\string\ja\theme_park_nym\messages.stf
INFO 2013-10-26 11:42:04,954 [TreeArchive:96] - [590/125572] Writing e:\test\appearance\mesh\poi_tato_skel_grtr_krayt_spine_s03_l1.msh
INFO 2013-10-26 11:42:05,043 [TreeArchive:96] - [591/125572] Writing e:\test\shader\pak_thm_tato_imprv_building_s05_r1_foyer_mesh_l1_cs8.sht
INFO 2013-10-26 11:42:05,066 [TreeArchive:96] - [592/125572] Writing e:\test\shader\radl_leaf_tall_vertleaves.sht
INFO 2013-10-26 11:42:05,072 [TreeArchive:96] - [593/125572] Writing e:\test\appearance\mesh\tie_aggressor_cockpit_l0.msh
INFO 2013-10-26 11:42:05,116 [TreeArchive:96] - [594/125572] Writing e:\test\string\en\spacequest\destroy_surpriseattack\naboo_station_emperors_access_quest_4.stf
INFO 2013-10-26 11:42:05,137 [TreeArchive:96] - [595/125572] Writing e:\test\texture\pak_mun_tato_capitol_s01_r0_mesh_l0_c2_l3_c2.dds
INFO 2013-10-26 11:42:05,150 [TreeArchive:96] - [596/125572] Writing e:\test\object\tangible\wearables\shirt\shared_nightsister_shirt_s02.iff
